02/07/17 15:16:00
davisbri

**** Pulling from GitHub **** 
git pull

From https://github.com/DickinsonCollege/davisbri232Code
   5244923..5ffc956  master     -> origin/master
Updating 5244923..5ffc956
Fast-forward
 .push.log | 2 +-
 1 file changed, 1 insertion(+), 1 deletion(-)

	Successfully pulled from GitHub.

git status

On branch master
Your branch is up-to-date with 'origin/master'.
Changes not staged for commit:
  (use "git add <file>..." to update what will be committed)
  (use "git checkout -- <file>..." to discard changes in working directory)

	modified:   .pull.log

no changes added to commit (use "git add" and/or "git commit -a")

Successfully pulled changes from GitHub to:
	/Users/davisbri/documents/davisbri232Code
